# JRE version: Java(TM) SE Runtime Environment (8.0_25-b17) (build 1.8.0_25-b17)
# Java VM: Java HotSpot(TM) Server VM (25.25-b02 mixed mode linux-x86 )
Heap:
 PSYoungGen      total 154368K, used 9334K [0x9c580000, 0xa7000000, 0xa7000000)
  eden space 133632K, 0% used [0x9c580000,0x9c580000,0xa4800000)
  from space 20736K, 45% used [0xa5bc0000,0xa64dda68,0xa7000000)
  to   space 20224K, 0% used [0xa4800000,0xa4800000,0xa5bc0000)
 ParOldGen       total 87552K, used 34181K [0x87000000, 0x8c580000, 0x9c580000)
  object space 87552K, 39% used [0x87000000,0x891616c8,0x8c580000)
 Metaspace       used 15980K, capacity 16367K, committed 16384K, reserved 16688K
GC Heap History (10 events):
Event: 1,815 GC heap after
Heap after GC invocations=2 (full 0):
 PSYoungGen      total 70912K, used 5374K [0x9c580000, 0xa1000000, 0xa7000000)
  eden space 65536K, 0% used [0x9c580000,0x9c580000,0xa0580000)
  from space 5376K, 99% used [0xa0ac0000,0xa0fffa48,0xa1000000)
  to   space 5376K, 0% used [0xa0580000,0xa0580000,0xa0ac0000)
 ParOldGen       total 87552K, used 3557K [0x87000000, 0x8c580000, 0x9c580000)
  object space 87552K, 4% used [0x87000000,0x87379770,0x8c580000)
 Metaspace       used 9642K, capacity 9806K, committed 9880K, reserved 10544K
}
Event: 2,990 GC heap before
{Heap before GC invocations=3 (full 0):
 PSYoungGen      total 70912K, used 70910K [0x9c580000, 0xa1000000, 0xa7000000)
  eden space 65536K, 100% used [0x9c580000,0xa0580000,0xa0580000)
  from space 5376K, 99% used [0xa0ac0000,0xa0fffa48,0xa1000000)
  to   space 5376K, 0% used [0xa0580000,0xa0580000,0xa0ac0000)
 ParOldGen       total 87552K, used 3557K [0x87000000, 0x8c580000, 0x9c580000)
  object space 87552K, 4% used [0x87000000,0x87379770,0x8c580000)
 Metaspace       used 12542K, capacity 12807K, committed 12824K, reserved 13616K
Event: 3,029 GC heap after
Heap after GC invocations=3 (full 0):
 PSYoungGen      total 70912K, used 5370K [0x9c580000, 0xa5000000, 0xa7000000)
  eden space 65536K, 0% used [0x9c580000,0x9c580000,0xa0580000)
  from space 5376K, 99% used [0xa0580000,0xa0abe900,0xa0ac0000)
  to   space 5376K, 0% used [0xa4ac0000,0xa4ac0000,0xa5000000)
 ParOldGen       total 87552K, used 12464K [0x87000000, 0x8c580000, 0x9c580000)
  object space 87552K, 14% used [0x87000000,0x87c2c0b0,0x8c580000)
 Metaspace       used 12542K, capacity 12807K, committed 12824K, reserved 13616K
}
Event: 3,984 GC heap before
{Heap before GC invocations=4 (full 0):
 PSYoungGen      total 70912K, used 70906K [0x9c580000, 0xa5000000, 0xa7000000)
  eden space 65536K, 100% used [0x9c580000,0xa0580000,0xa0580000)
  from space 5376K, 99% used [0xa0580000,0xa0abe900,0xa0ac0000)
  to   space 5376K, 0% used [0xa4ac0000,0xa4ac0000,0xa5000000)
 ParOldGen       total 87552K, used 12464K [0x87000000, 0x8c580000, 0x9c580000)
  object space 87552K, 14% used [0x87000000,0x87c2c0b0,0x8c580000)
 Metaspace       used 14310K, capacity 14558K, committed 14616K, reserved 14640K
Event: 4,044 GC heap after
Heap after GC invocations=4 (full 0):
 PSYoungGen      total 136448K, used 5370K [0x9c580000, 0xa5000000, 0xa7000000)
  eden space 131072K, 0% used [0x9c580000,0x9c580000,0xa4580000)
  from space 5376K, 99% used [0xa4ac0000,0xa4ffe920,0xa5000000)
  to   space 5376K, 0% used [0xa4580000,0xa4580000,0xa4ac0000)
 ParOldGen       total 87552K, used 25557K [0x87000000, 0x8c580000, 0x9c580000)
  object space 87552K, 29% used [0x87000000,0x888f5468,0x8c580000)
 Metaspace       used 14310K, capacity 14558K, committed 14616K, reserved 14640K
}
Event: 4,981 GC heap before
{Heap before GC invocations=5 (full 0):
 PSYoungGen      total 136448K, used 136442K [0x9c580000, 0xa5000000, 0xa7000000)
  eden space 131072K, 100% used [0x9c580000,0xa4580000,0xa4580000)
  from space 5376K, 99% used [0xa4ac0000,0xa4ffe920,0xa5000000)
  to   space 5376K, 0% used [0xa4580000,0xa4580000,0xa4ac0000)
 ParOldGen       total 87552K, used 25557K [0x87000000, 0x8c580000, 0x9c580000)
  object space 87552K, 29% used [0x87000000,0x888f5468,0x8c580000)
 Metaspace       used 14668K, capacity 14967K, committed 15000K, reserved 15664K
Event: 5,037 GC heap after
Heap after GC invocations=5 (full 0):
 PSYoungGen      total 136448K, used 5360K [0x9c580000, 0xa7000000, 0xa7000000)
  eden space 131072K, 0% used [0x9c580000,0x9c580000,0xa4580000)
  from space 5376K, 99% used [0xa4580000,0xa4abc2f8,0xa4ac0000)
  to   space 20736K, 0% used [0xa5bc0000,0xa5bc0000,0xa7000000)
 ParOldGen       total 87552K, used 34181K [0x87000000, 0x8c580000, 0x9c580000)
  object space 87552K, 39% used [0x87000000,0x891616c8,0x8c580000)
 Metaspace       used 14668K, capacity 14967K, committed 15000K, reserved 15664K
}
Event: 5,648 GC heap before
{Heap before GC invocations=6 (full 0):
 PSYoungGen      total 136448K, used 59809K [0x9c580000, 0xa7000000, 0xa7000000)
  eden space 131072K, 41% used [0x9c580000,0x9faac498,0xa4580000)
  from space 5376K, 99% used [0xa4580000,0xa4abc2f8,0xa4ac0000)
  to   space 20736K, 0% used [0xa5bc0000,0xa5bc0000,0xa7000000)
 ParOldGen       total 87552K, used 34181K [0x87000000, 0x8c580000, 0x9c580000)
  object space 87552K, 39% used [0x87000000,0x891616c8,0x8c580000)
 Metaspace       used 15980K, capacity 16367K, committed 16384K, reserved 16688K
Event: 5,680 GC heap after
Heap after GC invocations=6 (full 0):
 PSYoungGen      total 154368K, used 9334K [0x9c580000, 0xa7000000, 0xa7000000)
  eden space 133632K, 0% used [0x9c580000,0x9c580000,0xa4800000)
  from space 20736K, 45% used [0xa5bc0000,0xa64dda68,0xa7000000)
  to   space 20224K, 0% used [0xa4800000,0xa4800000,0xa5bc0000)
 ParOldGen       total 87552K, used 34181K [0x87000000, 0x8c580000, 0x9c580000)
  object space 87552K, 39% used [0x87000000,0x891616c8,0x8c580000)
 Metaspace       used 15980K, capacity 16367K, committed 16384K, reserved 16688K
}
Event: 5,680 GC heap before
{Heap before GC invocations=7 (full 1):
 PSYoungGen      total 154368K, used 9334K [0x9c580000, 0xa7000000, 0xa7000000)
  eden space 133632K, 0% used [0x9c580000,0x9c580000,0xa4800000)
  from space 20736K, 45% used [0xa5bc0000,0xa64dda68,0xa7000000)
  to   space 20224K, 0% used [0xa4800000,0xa4800000,0xa5bc0000)
 ParOldGen       total 87552K, used 34181K [0x87000000, 0x8c580000, 0x9c580000)
  object space 87552K, 39% used [0x87000000,0x891616c8,0x8c580000)
 Metaspace       used 15980K, capacity 16367K, committed 16384K, reserved 16688K

