# JRE version: Java(TM) SE Runtime Environment (8.0_25-b17) (build 1.8.0_25-b17)
# Java VM: Java HotSpot(TM) Server VM (25.25-b02 mixed mode linux-x86 )
Heap:
 PSYoungGen      total 122880K, used 31556K [0x9c580000, 0xa7000000, 0xa7000000)
  eden space 91136K, 0% used [0x9c580000,0x9c580000,0xa1e80000)
  from space 31744K, 99% used [0xa1e80000,0xa3d512c8,0xa3d80000)
  to   space 44032K, 0% used [0xa4500000,0xa4500000,0xa7000000)
 ParOldGen       total 148480K, used 69905K [0x87000000, 0x90100000, 0x9c580000)
  object space 148480K, 47% used [0x87000000,0x8b444538,0x90100000)
 Metaspace       used 44393K, capacity 45485K, committed 45516K, reserved 46384K
GC Heap History (10 events):
Event: 286,837 GC heap after
Heap after GC invocations=17 (full 2):
 PSYoungGen      total 145664K, used 21263K [0x9c580000, 0xa7000000, 0xa7000000)
  eden space 119040K, 0% used [0x9c580000,0x9c580000,0xa39c0000)
  from space 26624K, 79% used [0xa39c0000,0xa4e83f88,0xa53c0000)
  to   space 28160K, 0% used [0xa5480000,0xa5480000,0xa7000000)
 ParOldGen       total 148480K, used 60446K [0x87000000, 0x90100000, 0x9c580000)
  object space 148480K, 40% used [0x87000000,0x8ab07ba8,0x90100000)
 Metaspace       used 37663K, capacity 38583K, committed 38656K, reserved 39216K
}
Event: 453,152 GC heap before
{Heap before GC invocations=18 (full 2):
 PSYoungGen      total 145664K, used 140303K [0x9c580000, 0xa7000000, 0xa7000000)
  eden space 119040K, 100% used [0x9c580000,0xa39c0000,0xa39c0000)
  from space 26624K, 79% used [0xa39c0000,0xa4e83f88,0xa53c0000)
  to   space 28160K, 0% used [0xa5480000,0xa5480000,0xa7000000)
 ParOldGen       total 148480K, used 60446K [0x87000000, 0x90100000, 0x9c580000)
  object space 148480K, 40% used [0x87000000,0x8ab07ba8,0x90100000)
 Metaspace       used 39051K, capacity 40008K, committed 40064K, reserved 40240K
Event: 453,229 GC heap after
Heap after GC invocations=18 (full 2):
 PSYoungGen      total 140288K, used 26734K [0x9c580000, 0xa7000000, 0xa7000000)
  eden space 112128K, 0% used [0x9c580000,0x9c580000,0xa3300000)
  from space 28160K, 94% used [0xa5480000,0xa6e9b900,0xa7000000)
  to   space 31232K, 0% used [0xa3300000,0xa3300000,0xa5180000)
 ParOldGen       total 148480K, used 60446K [0x87000000, 0x90100000, 0x9c580000)
  object space 148480K, 40% used [0x87000000,0x8ab07ba8,0x90100000)
 Metaspace       used 39051K, capacity 40008K, committed 40064K, reserved 40240K
}
Event: 454,374 GC heap before
{Heap before GC invocations=19 (full 2):
 PSYoungGen      total 140288K, used 138862K [0x9c580000, 0xa7000000, 0xa7000000)
  eden space 112128K, 100% used [0x9c580000,0xa3300000,0xa3300000)
  from space 28160K, 94% used [0xa5480000,0xa6e9b900,0xa7000000)
  to   space 31232K, 0% used [0xa3300000,0xa3300000,0xa5180000)
 ParOldGen       total 148480K, used 60446K [0x87000000, 0x90100000, 0x9c580000)
  object space 148480K, 40% used [0x87000000,0x8ab07ba8,0x90100000)
 Metaspace       used 42417K, capacity 43440K, committed 43520K, reserved 44336K
Event: 454,465 GC heap after
Heap after GC invocations=19 (full 2):
 PSYoungGen      total 143360K, used 31223K [0x9c580000, 0xa7000000, 0xa7000000)
  eden space 112128K, 0% used [0x9c580000,0x9c580000,0xa3300000)
  from space 31232K, 99% used [0xa3300000,0xa517dd68,0xa5180000)
  to   space 31232K, 0% used [0xa5180000,0xa5180000,0xa7000000)
 ParOldGen       total 148480K, used 64856K [0x87000000, 0x90100000, 0x9c580000)
  object space 148480K, 43% used [0x87000000,0x8af56070,0x90100000)
 Metaspace       used 42417K, capacity 43440K, committed 43520K, reserved 44336K
}
Event: 455,530 GC heap before
{Heap before GC invocations=20 (full 2):
 PSYoungGen      total 143360K, used 143351K [0x9c580000, 0xa7000000, 0xa7000000)
  eden space 112128K, 100% used [0x9c580000,0xa3300000,0xa3300000)
  from space 31232K, 99% used [0xa3300000,0xa517dd68,0xa5180000)
  to   space 31232K, 0% used [0xa5180000,0xa5180000,0xa7000000)
 ParOldGen       total 148480K, used 64856K [0x87000000, 0x90100000, 0x9c580000)
  object space 148480K, 43% used [0x87000000,0x8af56070,0x90100000)
 Metaspace       used 44293K, capacity 45421K, committed 45440K, reserved 46384K
Event: 455,600 GC heap after
Heap after GC invocations=20 (full 2):
 PSYoungGen      total 122368K, used 31227K [0x9c580000, 0xa7000000, 0xa7000000)
  eden space 91136K, 0% used [0x9c580000,0x9c580000,0xa1e80000)
  from space 31232K, 99% used [0xa5180000,0xa6ffeea0,0xa7000000)
  to   space 41728K, 0% used [0xa1e80000,0xa1e80000,0xa4740000)
 ParOldGen       total 148480K, used 69905K [0x87000000, 0x90100000, 0x9c580000)
  object space 148480K, 47% used [0x87000000,0x8b444538,0x90100000)
 Metaspace       used 44293K, capacity 45421K, committed 45440K, reserved 46384K
}
Event: 455,733 GC heap before
{Heap before GC invocations=21 (full 2):
 PSYoungGen      total 122368K, used 42315K [0x9c580000, 0xa7000000, 0xa7000000)
  eden space 91136K, 12% used [0x9c580000,0x9d053e88,0xa1e80000)
  from space 31232K, 99% used [0xa5180000,0xa6ffeea0,0xa7000000)
  to   space 41728K, 0% used [0xa1e80000,0xa1e80000,0xa4740000)
 ParOldGen       total 148480K, used 69905K [0x87000000, 0x90100000, 0x9c580000)
  object space 148480K, 47% used [0x87000000,0x8b444538,0x90100000)
 Metaspace       used 44393K, capacity 45485K, committed 45516K, reserved 46384K
Event: 455,816 GC heap after
Heap after GC invocations=21 (full 2):
 PSYoungGen      total 122880K, used 31556K [0x9c580000, 0xa7000000, 0xa7000000)
  eden space 91136K, 0% used [0x9c580000,0x9c580000,0xa1e80000)
  from space 31744K, 99% used [0xa1e80000,0xa3d512c8,0xa3d80000)
  to   space 44032K, 0% used [0xa4500000,0xa4500000,0xa7000000)
 ParOldGen       total 148480K, used 69905K [0x87000000, 0x90100000, 0x9c580000)
  object space 148480K, 47% used [0x87000000,0x8b444538,0x90100000)
 Metaspace       used 44393K, capacity 45485K, committed 45516K, reserved 46384K
}
Event: 455,816 GC heap before
{Heap before GC invocations=22 (full 3):
 PSYoungGen      total 122880K, used 31556K [0x9c580000, 0xa7000000, 0xa7000000)
  eden space 91136K, 0% used [0x9c580000,0x9c580000,0xa1e80000)
  from space 31744K, 99% used [0xa1e80000,0xa3d512c8,0xa3d80000)
  to   space 44032K, 0% used [0xa4500000,0xa4500000,0xa7000000)
 ParOldGen       total 148480K, used 69905K [0x87000000, 0x90100000, 0x9c580000)
  object space 148480K, 47% used [0x87000000,0x8b444538,0x90100000)
 Metaspace       used 44393K, capacity 45485K, committed 45516K, reserved 46384K

