# JRE version: Java(TM) SE Runtime Environment (8.0_25-b17) (build 1.8.0_25-b17)
# Java VM: Java HotSpot(TM) Server VM (25.25-b02 mixed mode linux-x86 )
Heap:
 PSYoungGen      total 147968K, used 26610K [0x9c580000, 0xa7000000, 0xa7000000)
  eden space 121344K, 0% used [0x9c580000,0x9c580000,0xa3c00000)
  from space 26624K, 99% used [0xa3c00000,0xa55fc938,0xa5600000)
  to   space 26624K, 0% used [0xa5600000,0xa5600000,0xa7000000)
 ParOldGen       total 101632K, used 45409K [0x87000000, 0x8d340000, 0x9c580000)
  object space 101632K, 44% used [0x87000000,0x89c58648,0x8d340000)
 Metaspace       used 26548K, capacity 27275K, committed 27308K, reserved 27952K
GC Heap History (10 events):
Event: 7,583 GC heap after
Heap after GC invocations=8 (full 1):
 PSYoungGen      total 142592K, used 8764K [0x9c580000, 0xa6e80000, 0xa7000000)
  eden space 133632K, 0% used [0x9c580000,0x9c580000,0xa4800000)
  from space 8960K, 97% used [0xa4800000,0xa508f070,0xa50c0000)
  to   space 19712K, 0% used [0xa5b40000,0xa5b40000,0xa6e80000)
 ParOldGen       total 101632K, used 36680K [0x87000000, 0x8d340000, 0x9c580000)
  object space 101632K, 36% used [0x87000000,0x893d2060,0x8d340000)
 Metaspace       used 19196K, capacity 19674K, committed 19712K, reserved 19760K
}
Event: 8,926 GC heap before
{Heap before GC invocations=9 (full 1):
 PSYoungGen      total 142592K, used 142396K [0x9c580000, 0xa6e80000, 0xa7000000)
  eden space 133632K, 100% used [0x9c580000,0xa4800000,0xa4800000)
  from space 8960K, 97% used [0xa4800000,0xa508f070,0xa50c0000)
  to   space 19712K, 0% used [0xa5b40000,0xa5b40000,0xa6e80000)
 ParOldGen       total 101632K, used 36680K [0x87000000, 0x8d340000, 0x9c580000)
  object space 101632K, 36% used [0x87000000,0x893d2060,0x8d340000)
 Metaspace       used 21428K, capacity 22023K, committed 22144K, reserved 22832K
Event: 8,956 GC heap after
Heap after GC invocations=9 (full 1):
 PSYoungGen      total 153856K, used 12560K [0x9c580000, 0xa7000000, 0xa7000000)
  eden space 134144K, 0% used [0x9c580000,0x9c580000,0xa4880000)
  from space 19712K, 63% used [0xa5b40000,0xa6784160,0xa6e80000)
  to   space 19200K, 0% used [0xa4880000,0xa4880000,0xa5b40000)
 ParOldGen       total 101632K, used 36684K [0x87000000, 0x8d340000, 0x9c580000)
  object space 101632K, 36% used [0x87000000,0x893d3060,0x8d340000)
 Metaspace       used 21428K, capacity 22023K, committed 22144K, reserved 22832K
}
Event: 10,423 GC heap before
{Heap before GC invocations=10 (full 1):
 PSYoungGen      total 153856K, used 146704K [0x9c580000, 0xa7000000, 0xa7000000)
  eden space 134144K, 100% used [0x9c580000,0xa4880000,0xa4880000)
  from space 19712K, 63% used [0xa5b40000,0xa6784160,0xa6e80000)
  to   space 19200K, 0% used [0xa4880000,0xa4880000,0xa5b40000)
 ParOldGen       total 101632K, used 36684K [0x87000000, 0x8d340000, 0x9c580000)
  object space 101632K, 36% used [0x87000000,0x893d3060,0x8d340000)
 Metaspace       used 23020K, capacity 23640K, committed 23680K, reserved 23856K
Event: 10,463 GC heap after
Heap after GC invocations=10 (full 1):
 PSYoungGen      total 153344K, used 19185K [0x9c580000, 0xa7000000, 0xa7000000)
  eden space 134144K, 0% used [0x9c580000,0x9c580000,0xa4880000)
  from space 19200K, 99% used [0xa4880000,0xa5b3c628,0xa5b40000)
  to   space 21248K, 0% used [0xa5b40000,0xa5b40000,0xa7000000)
 ParOldGen       total 101632K, used 37065K [0x87000000, 0x8d340000, 0x9c580000)
  object space 101632K, 36% used [0x87000000,0x894326b0,0x8d340000)
 Metaspace       used 23020K, capacity 23640K, committed 23680K, reserved 23856K
}
Event: 12,105 GC heap before
{Heap before GC invocations=11 (full 1):
 PSYoungGen      total 153344K, used 153329K [0x9c580000, 0xa7000000, 0xa7000000)
  eden space 134144K, 100% used [0x9c580000,0xa4880000,0xa4880000)
  from space 19200K, 99% used [0xa4880000,0xa5b3c628,0xa5b40000)
  to   space 21248K, 0% used [0xa5b40000,0xa5b40000,0xa7000000)
 ParOldGen       total 101632K, used 37065K [0x87000000, 0x8d340000, 0x9c580000)
  object space 101632K, 36% used [0x87000000,0x894326b0,0x8d340000)
 Metaspace       used 24836K, capacity 25555K, committed 25600K, reserved 25904K
Event: 12,175 GC heap after
Heap after GC invocations=11 (full 1):
 PSYoungGen      total 142592K, used 21239K [0x9c580000, 0xa7000000, 0xa7000000)
  eden space 121344K, 0% used [0x9c580000,0x9c580000,0xa3c00000)
  from space 21248K, 99% used [0xa5b40000,0xa6ffdd60,0xa7000000)
  to   space 26624K, 0% used [0xa3c00000,0xa3c00000,0xa5600000)
 ParOldGen       total 101632K, used 43925K [0x87000000, 0x8d340000, 0x9c580000)
  object space 101632K, 43% used [0x87000000,0x89ae5708,0x8d340000)
 Metaspace       used 24836K, capacity 25555K, committed 25600K, reserved 25904K
}
Event: 13,164 GC heap before
{Heap before GC invocations=12 (full 1):
 PSYoungGen      total 142592K, used 105635K [0x9c580000, 0xa7000000, 0xa7000000)
  eden space 121344K, 69% used [0x9c580000,0xa17eb1c0,0xa3c00000)
  from space 21248K, 99% used [0xa5b40000,0xa6ffdd60,0xa7000000)
  to   space 26624K, 0% used [0xa3c00000,0xa3c00000,0xa5600000)
 ParOldGen       total 101632K, used 43925K [0x87000000, 0x8d340000, 0x9c580000)
  object space 101632K, 43% used [0x87000000,0x89ae5708,0x8d340000)
 Metaspace       used 26548K, capacity 27275K, committed 27308K, reserved 27952K
Event: 13,220 GC heap after
Heap after GC invocations=12 (full 1):
 PSYoungGen      total 147968K, used 26610K [0x9c580000, 0xa7000000, 0xa7000000)
  eden space 121344K, 0% used [0x9c580000,0x9c580000,0xa3c00000)
  from space 26624K, 99% used [0xa3c00000,0xa55fc938,0xa5600000)
  to   space 26624K, 0% used [0xa5600000,0xa5600000,0xa7000000)
 ParOldGen       total 101632K, used 45409K [0x87000000, 0x8d340000, 0x9c580000)
  object space 101632K, 44% used [0x87000000,0x89c58648,0x8d340000)
 Metaspace       used 26548K, capacity 27275K, committed 27308K, reserved 27952K
}
Event: 13,220 GC heap before
{Heap before GC invocations=13 (full 2):
 PSYoungGen      total 147968K, used 26610K [0x9c580000, 0xa7000000, 0xa7000000)
  eden space 121344K, 0% used [0x9c580000,0x9c580000,0xa3c00000)
  from space 26624K, 99% used [0xa3c00000,0xa55fc938,0xa5600000)
  to   space 26624K, 0% used [0xa5600000,0xa5600000,0xa7000000)
 ParOldGen       total 101632K, used 45409K [0x87000000, 0x8d340000, 0x9c580000)
  object space 101632K, 44% used [0x87000000,0x89c58648,0x8d340000)
 Metaspace       used 26548K, capacity 27275K, committed 27308K, reserved 27952K

