# JRE version: Java(TM) SE Runtime Environment (8.0_25-b17) (build 1.8.0_25-b17)
# Java VM: Java HotSpot(TM) Server VM (25.25-b02 mixed mode linux-x86 )
Heap:
 PSYoungGen      total 124160K, used 31237K [0x9c580000, 0xa7000000, 0xa7000000)
  eden space 92672K, 0% used [0x9c580000,0x9c580000,0xa2000000)
  from space 31488K, 99% used [0xa2000000,0xa3e81630,0xa3ec0000)
  to   space 43008K, 0% used [0xa4600000,0xa4600000,0xa7000000)
 ParOldGen       total 146688K, used 61113K [0x87000000, 0x8ff40000, 0x9c580000)
  object space 146688K, 41% used [0x87000000,0x8abae618,0x8ff40000)
 Metaspace       used 44407K, capacity 45462K, committed 45516K, reserved 46384K
GC Heap History (10 events):
Event: 20,842 GC heap after
Heap after GC invocations=17 (full 2):
 PSYoungGen      total 142336K, used 25537K [0x9c580000, 0xa7000000, 0xa7000000)
  eden space 116736K, 0% used [0x9c580000,0x9c580000,0xa3780000)
  from space 25600K, 99% used [0xa3780000,0xa5070648,0xa5080000)
  to   space 31232K, 0% used [0xa5180000,0xa5180000,0xa7000000)
 ParOldGen       total 146688K, used 61105K [0x87000000, 0x8ff40000, 0x9c580000)
  object space 146688K, 41% used [0x87000000,0x8abac618,0x8ff40000)
 Metaspace       used 37718K, capacity 38748K, committed 38912K, reserved 39216K
}
Event: 22,397 GC heap before
{Heap before GC invocations=18 (full 2):
 PSYoungGen      total 142336K, used 142273K [0x9c580000, 0xa7000000, 0xa7000000)
  eden space 116736K, 100% used [0x9c580000,0xa3780000,0xa3780000)
  from space 25600K, 99% used [0xa3780000,0xa5070648,0xa5080000)
  to   space 31232K, 0% used [0xa5180000,0xa5180000,0xa7000000)
 ParOldGen       total 146688K, used 61105K [0x87000000, 0x8ff40000, 0x9c580000)
  object space 146688K, 41% used [0x87000000,0x8abac618,0x8ff40000)
 Metaspace       used 40695K, capacity 41718K, committed 41856K, reserved 42288K
Event: 22,451 GC heap after
Heap after GC invocations=18 (full 2):
 PSYoungGen      total 136192K, used 30315K [0x9c580000, 0xa7000000, 0xa7000000)
  eden space 104960K, 0% used [0x9c580000,0x9c580000,0xa2c00000)
  from space 31232K, 97% used [0xa5180000,0xa6f1aff0,0xa7000000)
  to   space 34816K, 0% used [0xa2c00000,0xa2c00000,0xa4e00000)
 ParOldGen       total 146688K, used 61105K [0x87000000, 0x8ff40000, 0x9c580000)
  object space 146688K, 41% used [0x87000000,0x8abac618,0x8ff40000)
 Metaspace       used 40695K, capacity 41718K, committed 41856K, reserved 42288K
}
Event: 23,453 GC heap before
{Heap before GC invocations=19 (full 2):
 PSYoungGen      total 136192K, used 135275K [0x9c580000, 0xa7000000, 0xa7000000)
  eden space 104960K, 100% used [0x9c580000,0xa2c00000,0xa2c00000)
  from space 31232K, 97% used [0xa5180000,0xa6f1aff0,0xa7000000)
  to   space 34816K, 0% used [0xa2c00000,0xa2c00000,0xa4e00000)
 ParOldGen       total 146688K, used 61105K [0x87000000, 0x8ff40000, 0x9c580000)
  object space 146688K, 41% used [0x87000000,0x8abac618,0x8ff40000)
 Metaspace       used 42177K, capacity 43222K, committed 43264K, reserved 43312K
Event: 23,512 GC heap after
Heap after GC invocations=19 (full 2):
 PSYoungGen      total 135936K, used 30842K [0x9c580000, 0xa7000000, 0xa7000000)
  eden space 104960K, 0% used [0x9c580000,0x9c580000,0xa2c00000)
  from space 30976K, 99% used [0xa2c00000,0xa4a1ebc8,0xa4a40000)
  to   space 37888K, 0% used [0xa4b00000,0xa4b00000,0xa7000000)
 ParOldGen       total 146688K, used 61109K [0x87000000, 0x8ff40000, 0x9c580000)
  object space 146688K, 41% used [0x87000000,0x8abad618,0x8ff40000)
 Metaspace       used 42177K, capacity 43222K, committed 43264K, reserved 43312K
}
Event: 24,710 GC heap before
{Heap before GC invocations=20 (full 2):
 PSYoungGen      total 135936K, used 135802K [0x9c580000, 0xa7000000, 0xa7000000)
  eden space 104960K, 100% used [0x9c580000,0xa2c00000,0xa2c00000)
  from space 30976K, 99% used [0xa2c00000,0xa4a1ebc8,0xa4a40000)
  to   space 37888K, 0% used [0xa4b00000,0xa4b00000,0xa7000000)
 ParOldGen       total 146688K, used 61109K [0x87000000, 0x8ff40000, 0x9c580000)
  object space 146688K, 41% used [0x87000000,0x8abad618,0x8ff40000)
 Metaspace       used 44065K, capacity 45110K, committed 45184K, reserved 45360K
Event: 24,769 GC heap after
Heap after GC invocations=20 (full 2):
 PSYoungGen      total 130560K, used 32758K [0x9c580000, 0xa7000000, 0xa7000000)
  eden space 92672K, 0% used [0x9c580000,0x9c580000,0xa2000000)
  from space 37888K, 86% used [0xa4b00000,0xa6afdae8,0xa7000000)
  to   space 40960K, 0% used [0xa2000000,0xa2000000,0xa4800000)
 ParOldGen       total 146688K, used 61113K [0x87000000, 0x8ff40000, 0x9c580000)
  object space 146688K, 41% used [0x87000000,0x8abae618,0x8ff40000)
 Metaspace       used 44065K, capacity 45110K, committed 45184K, reserved 45360K
}
Event: 24,951 GC heap before
{Heap before GC invocations=21 (full 2):
 PSYoungGen      total 130560K, used 50566K [0x9c580000, 0xa7000000, 0xa7000000)
  eden space 92672K, 19% used [0x9c580000,0x9d6e3f58,0xa2000000)
  from space 37888K, 86% used [0xa4b00000,0xa6afdae8,0xa7000000)
  to   space 40960K, 0% used [0xa2000000,0xa2000000,0xa4800000)
 ParOldGen       total 146688K, used 61113K [0x87000000, 0x8ff40000, 0x9c580000)
  object space 146688K, 41% used [0x87000000,0x8abae618,0x8ff40000)
 Metaspace       used 44407K, capacity 45462K, committed 45516K, reserved 46384K
Event: 25,009 GC heap after
Heap after GC invocations=21 (full 2):
 PSYoungGen      total 124160K, used 31237K [0x9c580000, 0xa7000000, 0xa7000000)
  eden space 92672K, 0% used [0x9c580000,0x9c580000,0xa2000000)
  from space 31488K, 99% used [0xa2000000,0xa3e81630,0xa3ec0000)
  to   space 43008K, 0% used [0xa4600000,0xa4600000,0xa7000000)
 ParOldGen       total 146688K, used 61113K [0x87000000, 0x8ff40000, 0x9c580000)
  object space 146688K, 41% used [0x87000000,0x8abae618,0x8ff40000)
 Metaspace       used 44407K, capacity 45462K, committed 45516K, reserved 46384K
}
Event: 25,009 GC heap before
{Heap before GC invocations=22 (full 3):
 PSYoungGen      total 124160K, used 31237K [0x9c580000, 0xa7000000, 0xa7000000)
  eden space 92672K, 0% used [0x9c580000,0x9c580000,0xa2000000)
  from space 31488K, 99% used [0xa2000000,0xa3e81630,0xa3ec0000)
  to   space 43008K, 0% used [0xa4600000,0xa4600000,0xa7000000)
 ParOldGen       total 146688K, used 61113K [0x87000000, 0x8ff40000, 0x9c580000)
  object space 146688K, 41% used [0x87000000,0x8abae618,0x8ff40000)
 Metaspace       used 44407K, capacity 45462K, committed 45516K, reserved 46384K

