# JRE version: Java(TM) SE Runtime Environment (8.0_25-b17) (build 1.8.0_25-b17)
# Java VM: Java HotSpot(TM) Server VM (25.25-b02 mixed mode linux-x86 )
Heap:
 PSYoungGen      total 145664K, used 122368K [0x9c580000, 0xa7000000, 0xa7000000)
  eden space 122368K, 100% used [0x9c580000,0xa3d00000,0xa3d00000)
  from space 23296K, 0% used [0xa3d00000,0xa3d00000,0xa53c0000)
  to   space 28160K, 23% used [0xa5480000,0xa5aea010,0xa7000000)
 ParOldGen       total 144128K, used 60752K [0x87000000, 0x8fcc0000, 0x9c580000)
  object space 144128K, 42% used [0x87000000,0x8ab54358,0x8fcc0000)
 Metaspace       used 30092K, capacity 30844K, committed 30848K, reserved 31024K
GC Heap History (10 events):
Event: 9,011 GC heap after
Heap after GC invocations=9 (full 1):
 PSYoungGen      total 153856K, used 12611K [0x9c580000, 0xa7000000, 0xa7000000)
  eden space 134144K, 0% used [0x9c580000,0x9c580000,0xa4880000)
  from space 19712K, 63% used [0xa5b40000,0xa6790c48,0xa6e80000)
  to   space 19200K, 0% used [0xa4880000,0xa4880000,0xa5b40000)
 ParOldGen       total 98560K, used 36584K [0x87000000, 0x8d040000, 0x9c580000)
  object space 98560K, 37% used [0x87000000,0x893ba328,0x8d040000)
 Metaspace       used 21429K, capacity 22059K, committed 22144K, reserved 22832K
}
Event: 10,349 GC heap before
{Heap before GC invocations=10 (full 1):
 PSYoungGen      total 153856K, used 146755K [0x9c580000, 0xa7000000, 0xa7000000)
  eden space 134144K, 100% used [0x9c580000,0xa4880000,0xa4880000)
  from space 19712K, 63% used [0xa5b40000,0xa6790c48,0xa6e80000)
  to   space 19200K, 0% used [0xa4880000,0xa4880000,0xa5b40000)
 ParOldGen       total 98560K, used 36584K [0x87000000, 0x8d040000, 0x9c580000)
  object space 98560K, 37% used [0x87000000,0x893ba328,0x8d040000)
 Metaspace       used 23011K, capacity 23644K, committed 23680K, reserved 23856K
Event: 10,389 GC heap after
Heap after GC invocations=10 (full 1):
 PSYoungGen      total 153344K, used 19187K [0x9c580000, 0xa7000000, 0xa7000000)
  eden space 134144K, 0% used [0x9c580000,0x9c580000,0xa4880000)
  from space 19200K, 99% used [0xa4880000,0xa5b3cc70,0xa5b40000)
  to   space 21248K, 0% used [0xa5b40000,0xa5b40000,0xa7000000)
 ParOldGen       total 98560K, used 37045K [0x87000000, 0x8d040000, 0x9c580000)
  object space 98560K, 37% used [0x87000000,0x8942d418,0x8d040000)
 Metaspace       used 23011K, capacity 23644K, committed 23680K, reserved 23856K
}
Event: 12,347 GC heap before
{Heap before GC invocations=11 (full 1):
 PSYoungGen      total 153344K, used 153331K [0x9c580000, 0xa7000000, 0xa7000000)
  eden space 134144K, 100% used [0x9c580000,0xa4880000,0xa4880000)
  from space 19200K, 99% used [0xa4880000,0xa5b3cc70,0xa5b40000)
  to   space 21248K, 0% used [0xa5b40000,0xa5b40000,0xa7000000)
 ParOldGen       total 98560K, used 37045K [0x87000000, 0x8d040000, 0x9c580000)
  object space 98560K, 37% used [0x87000000,0x8942d418,0x8d040000)
 Metaspace       used 24884K, capacity 25559K, committed 25600K, reserved 25904K
Event: 12,410 GC heap after
Heap after GC invocations=11 (full 1):
 PSYoungGen      total 143616K, used 21235K [0x9c580000, 0xa7000000, 0xa7000000)
  eden space 122368K, 0% used [0x9c580000,0x9c580000,0xa3d00000)
  from space 21248K, 99% used [0xa5b40000,0xa6ffcd00,0xa7000000)
  to   space 26112K, 0% used [0xa3d00000,0xa3d00000,0xa5680000)
 ParOldGen       total 98560K, used 42437K [0x87000000, 0x8d040000, 0x9c580000)
  object space 98560K, 43% used [0x87000000,0x89971478,0x8d040000)
 Metaspace       used 24884K, capacity 25559K, committed 25600K, reserved 25904K
}
Event: 13,289 GC heap before
{Heap before GC invocations=12 (full 1):
 PSYoungGen      total 143616K, used 104190K [0x9c580000, 0xa7000000, 0xa7000000)
  eden space 122368K, 67% used [0x9c580000,0xa1682e90,0xa3d00000)
  from space 21248K, 99% used [0xa5b40000,0xa6ffcd00,0xa7000000)
  to   space 26112K, 0% used [0xa3d00000,0xa3d00000,0xa5680000)
 ParOldGen       total 98560K, used 42437K [0x87000000, 0x8d040000, 0x9c580000)
  object space 98560K, 43% used [0x87000000,0x89971478,0x8d040000)
 Metaspace       used 26528K, capacity 27284K, committed 27308K, reserved 27952K
Event: 13,380 GC heap after
Heap after GC invocations=12 (full 1):
 PSYoungGen      total 145664K, used 23166K [0x9c580000, 0xa7000000, 0xa7000000)
  eden space 122368K, 0% used [0x9c580000,0x9c580000,0xa3d00000)
  from space 23296K, 99% used [0xa3d00000,0xa539f9f0,0xa53c0000)
  to   space 28160K, 0% used [0xa5480000,0xa5480000,0xa7000000)
 ParOldGen       total 98560K, used 47205K [0x87000000, 0x8d040000, 0x9c580000)
  object space 98560K, 47% used [0x87000000,0x89e196b0,0x8d040000)
 Metaspace       used 26528K, capacity 27284K, committed 27308K, reserved 27952K
}
Event: 13,380 GC heap before
{Heap before GC invocations=13 (full 2):
 PSYoungGen      total 145664K, used 23166K [0x9c580000, 0xa7000000, 0xa7000000)
  eden space 122368K, 0% used [0x9c580000,0x9c580000,0xa3d00000)
  from space 23296K, 99% used [0xa3d00000,0xa539f9f0,0xa53c0000)
  to   space 28160K, 0% used [0xa5480000,0xa5480000,0xa7000000)
 ParOldGen       total 98560K, used 47205K [0x87000000, 0x8d040000, 0x9c580000)
  object space 98560K, 47% used [0x87000000,0x89e196b0,0x8d040000)
 Metaspace       used 26528K, capacity 27284K, committed 27308K, reserved 27952K
Event: 13,813 GC heap after
Heap after GC invocations=13 (full 2):
 PSYoungGen      total 145664K, used 0K [0x9c580000, 0xa7000000, 0xa7000000)
  eden space 122368K, 0% used [0x9c580000,0x9c580000,0xa3d00000)
  from space 23296K, 0% used [0xa3d00000,0xa3d00000,0xa53c0000)
  to   space 28160K, 0% used [0xa5480000,0xa5480000,0xa7000000)
 ParOldGen       total 144128K, used 60752K [0x87000000, 0x8fcc0000, 0x9c580000)
  object space 144128K, 42% used [0x87000000,0x8ab54358,0x8fcc0000)
 Metaspace       used 26528K, capacity 27284K, committed 27308K, reserved 27952K
}
Event: 15,075 GC heap before
{Heap before GC invocations=14 (full 2):
 PSYoungGen      total 145664K, used 122368K [0x9c580000, 0xa7000000, 0xa7000000)
  eden space 122368K, 100% used [0x9c580000,0xa3d00000,0xa3d00000)
  from space 23296K, 0% used [0xa3d00000,0xa3d00000,0xa53c0000)
  to   space 28160K, 0% used [0xa5480000,0xa5480000,0xa7000000)
 ParOldGen       total 144128K, used 60752K [0x87000000, 0x8fcc0000, 0x9c580000)
  object space 144128K, 42% used [0x87000000,0x8ab54358,0x8fcc0000)
 Metaspace       used 30092K, capacity 30844K, committed 30848K, reserved 31024K

