# JRE version: Java(TM) SE Runtime Environment (8.0_25-b17) (build 1.8.0_25-b17)
# Java VM: Java HotSpot(TM) Server VM (25.25-b02 mixed mode linux-x86 )
Heap:
 PSYoungGen      total 148224K, used 26365K [0x9c580000, 0xa7000000, 0xa7000000)
  eden space 121856K, 0% used [0x9c580000,0x9c580000,0xa3c80000)
  from space 26368K, 99% used [0xa3c80000,0xa563f7e0,0xa5640000)
  to   space 26368K, 0% used [0xa5640000,0xa5640000,0xa7000000)
 ParOldGen       total 103936K, used 45547K [0x87000000, 0x8d580000, 0x9c580000)
  object space 103936K, 43% used [0x87000000,0x89c7ad60,0x8d580000)
 Metaspace       used 26529K, capacity 27281K, committed 27308K, reserved 27952K
GC Heap History (10 events):
Event: 8,292 GC heap after
Heap after GC invocations=8 (full 1):
 PSYoungGen      total 142592K, used 8648K [0x9c580000, 0xa6e40000, 0xa7000000)
  eden space 133888K, 0% used [0x9c580000,0x9c580000,0xa4840000)
  from space 8704K, 99% used [0xa4840000,0xa50b2168,0xa50c0000)
  to   space 19456K, 0% used [0xa5b40000,0xa5b40000,0xa6e40000)
 ParOldGen       total 103936K, used 36678K [0x87000000, 0x8d580000, 0x9c580000)
  object space 103936K, 35% used [0x87000000,0x893d1a20,0x8d580000)
 Metaspace       used 19328K, capacity 19870K, committed 19968K, reserved 20784K
}
Event: 9,615 GC heap before
{Heap before GC invocations=9 (full 1):
 PSYoungGen      total 142592K, used 142536K [0x9c580000, 0xa6e40000, 0xa7000000)
  eden space 133888K, 100% used [0x9c580000,0xa4840000,0xa4840000)
  from space 8704K, 99% used [0xa4840000,0xa50b2168,0xa50c0000)
  to   space 19456K, 0% used [0xa5b40000,0xa5b40000,0xa6e40000)
 ParOldGen       total 103936K, used 36678K [0x87000000, 0x8d580000, 0x9c580000)
  object space 103936K, 35% used [0x87000000,0x893d1a20,0x8d580000)
 Metaspace       used 21422K, capacity 21997K, committed 22016K, reserved 22832K
Event: 9,640 GC heap after
Heap after GC invocations=9 (full 1):
 PSYoungGen      total 153600K, used 12437K [0x9c580000, 0xa7000000, 0xa7000000)
  eden space 134144K, 0% used [0x9c580000,0x9c580000,0xa4880000)
  from space 19456K, 63% used [0xa5b40000,0xa6765540,0xa6e40000)
  to   space 19200K, 0% used [0xa4880000,0xa4880000,0xa5b40000)
 ParOldGen       total 103936K, used 36678K [0x87000000, 0x8d580000, 0x9c580000)
  object space 103936K, 35% used [0x87000000,0x893d1a20,0x8d580000)
 Metaspace       used 21422K, capacity 21997K, committed 22016K, reserved 22832K
}
Event: 11,196 GC heap before
{Heap before GC invocations=10 (full 1):
 PSYoungGen      total 153600K, used 146581K [0x9c580000, 0xa7000000, 0xa7000000)
  eden space 134144K, 100% used [0x9c580000,0xa4880000,0xa4880000)
  from space 19456K, 63% used [0xa5b40000,0xa6765540,0xa6e40000)
  to   space 19200K, 0% used [0xa4880000,0xa4880000,0xa5b40000)
 ParOldGen       total 103936K, used 36678K [0x87000000, 0x8d580000, 0x9c580000)
  object space 103936K, 35% used [0x87000000,0x893d1a20,0x8d580000)
 Metaspace       used 23031K, capacity 23646K, committed 23680K, reserved 23856K
Event: 11,249 GC heap after
Heap after GC invocations=10 (full 1):
 PSYoungGen      total 153344K, used 19186K [0x9c580000, 0xa7000000, 0xa7000000)
  eden space 134144K, 0% used [0x9c580000,0x9c580000,0xa4880000)
  from space 19200K, 99% used [0xa4880000,0xa5b3c8e0,0xa5b40000)
  to   space 21248K, 0% used [0xa5b40000,0xa5b40000,0xa7000000)
 ParOldGen       total 103936K, used 37024K [0x87000000, 0x8d580000, 0x9c580000)
  object space 103936K, 35% used [0x87000000,0x89428290,0x8d580000)
 Metaspace       used 23031K, capacity 23646K, committed 23680K, reserved 23856K
}
Event: 12,933 GC heap before
{Heap before GC invocations=11 (full 1):
 PSYoungGen      total 153344K, used 153330K [0x9c580000, 0xa7000000, 0xa7000000)
  eden space 134144K, 100% used [0x9c580000,0xa4880000,0xa4880000)
  from space 19200K, 99% used [0xa4880000,0xa5b3c8e0,0xa5b40000)
  to   space 21248K, 0% used [0xa5b40000,0xa5b40000,0xa7000000)
 ParOldGen       total 103936K, used 37024K [0x87000000, 0x8d580000, 0x9c580000)
  object space 103936K, 35% used [0x87000000,0x89428290,0x8d580000)
 Metaspace       used 24838K, capacity 25529K, committed 25600K, reserved 25904K
Event: 13,001 GC heap after
Heap after GC invocations=11 (full 1):
 PSYoungGen      total 143104K, used 21236K [0x9c580000, 0xa7000000, 0xa7000000)
  eden space 121856K, 0% used [0x9c580000,0x9c580000,0xa3c80000)
  from space 21248K, 99% used [0xa5b40000,0xa6ffd130,0xa7000000)
  to   space 26368K, 0% used [0xa3c80000,0xa3c80000,0xa5640000)
 ParOldGen       total 103936K, used 43824K [0x87000000, 0x8d580000, 0x9c580000)
  object space 103936K, 42% used [0x87000000,0x89acc068,0x8d580000)
 Metaspace       used 24838K, capacity 25529K, committed 25600K, reserved 25904K
}
Event: 13,873 GC heap before
{Heap before GC invocations=12 (full 1):
 PSYoungGen      total 143104K, used 106130K [0x9c580000, 0xa7000000, 0xa7000000)
  eden space 121856K, 69% used [0x9c580000,0xa1867908,0xa3c80000)
  from space 21248K, 99% used [0xa5b40000,0xa6ffd130,0xa7000000)
  to   space 26368K, 0% used [0xa3c80000,0xa3c80000,0xa5640000)
 ParOldGen       total 103936K, used 43824K [0x87000000, 0x8d580000, 0x9c580000)
  object space 103936K, 42% used [0x87000000,0x89acc068,0x8d580000)
 Metaspace       used 26529K, capacity 27281K, committed 27308K, reserved 27952K
Event: 13,944 GC heap after
Heap after GC invocations=12 (full 1):
 PSYoungGen      total 148224K, used 26365K [0x9c580000, 0xa7000000, 0xa7000000)
  eden space 121856K, 0% used [0x9c580000,0x9c580000,0xa3c80000)
  from space 26368K, 99% used [0xa3c80000,0xa563f7e0,0xa5640000)
  to   space 26368K, 0% used [0xa5640000,0xa5640000,0xa7000000)
 ParOldGen       total 103936K, used 45547K [0x87000000, 0x8d580000, 0x9c580000)
  object space 103936K, 43% used [0x87000000,0x89c7ad60,0x8d580000)
 Metaspace       used 26529K, capacity 27281K, committed 27308K, reserved 27952K
}
Event: 13,944 GC heap before
{Heap before GC invocations=13 (full 2):
 PSYoungGen      total 148224K, used 26365K [0x9c580000, 0xa7000000, 0xa7000000)
  eden space 121856K, 0% used [0x9c580000,0x9c580000,0xa3c80000)
  from space 26368K, 99% used [0xa3c80000,0xa563f7e0,0xa5640000)
  to   space 26368K, 0% used [0xa5640000,0xa5640000,0xa7000000)
 ParOldGen       total 103936K, used 45547K [0x87000000, 0x8d580000, 0x9c580000)
  object space 103936K, 43% used [0x87000000,0x89c7ad60,0x8d580000)
 Metaspace       used 26529K, capacity 27281K, committed 27308K, reserved 27952K

