# JRE version: Java(TM) SE Runtime Environment (8.0_25-b17) (build 1.8.0_25-b17)
# Java VM: Java HotSpot(TM) Server VM (25.25-b02 mixed mode linux-x86 )
Heap:
 PSYoungGen      total 147200K, used 24171K [0x9c580000, 0xa7000000, 0xa7000000)
  eden space 122880K, 0% used [0x9c580000,0x9c580000,0xa3d80000)
  from space 24320K, 99% used [0xa3d80000,0xa551afb0,0xa5540000)
  to   space 27392K, 0% used [0xa5540000,0xa5540000,0xa7000000)
 ParOldGen       total 101632K, used 48664K [0x87000000, 0x8d340000, 0x9c580000)
  object space 101632K, 47% used [0x87000000,0x89f861a0,0x8d340000)
 Metaspace       used 26544K, capacity 27286K, committed 27308K, reserved 27952K
GC Heap History (10 events):
Event: 7,672 GC heap after
Heap after GC invocations=8 (full 1):
 PSYoungGen      total 142336K, used 8627K [0x9c580000, 0xa6e80000, 0xa7000000)
  eden space 133632K, 0% used [0x9c580000,0x9c580000,0xa4800000)
  from space 8704K, 99% used [0xa4800000,0xa506cf50,0xa5080000)
  to   space 19712K, 0% used [0xa5b40000,0xa5b40000,0xa6e80000)
 ParOldGen       total 101632K, used 39126K [0x87000000, 0x8d340000, 0x9c580000)
  object space 101632K, 38% used [0x87000000,0x89635a50,0x8d340000)
 Metaspace       used 19291K, capacity 19806K, committed 19840K, reserved 20784K
}
Event: 8,986 GC heap before
{Heap before GC invocations=9 (full 1):
 PSYoungGen      total 142336K, used 142259K [0x9c580000, 0xa6e80000, 0xa7000000)
  eden space 133632K, 100% used [0x9c580000,0xa4800000,0xa4800000)
  from space 8704K, 99% used [0xa4800000,0xa506cf50,0xa5080000)
  to   space 19712K, 0% used [0xa5b40000,0xa5b40000,0xa6e80000)
 ParOldGen       total 101632K, used 39126K [0x87000000, 0x8d340000, 0x9c580000)
  object space 101632K, 38% used [0x87000000,0x89635a50,0x8d340000)
 Metaspace       used 21417K, capacity 22061K, committed 22144K, reserved 22832K
Event: 9,012 GC heap after
Heap after GC invocations=9 (full 1):
 PSYoungGen      total 153856K, used 12322K [0x9c580000, 0xa7000000, 0xa7000000)
  eden space 134144K, 0% used [0x9c580000,0x9c580000,0xa4880000)
  from space 19712K, 62% used [0xa5b40000,0xa6748b88,0xa6e80000)
  to   space 19200K, 0% used [0xa4880000,0xa4880000,0xa5b40000)
 ParOldGen       total 101632K, used 39130K [0x87000000, 0x8d340000, 0x9c580000)
  object space 101632K, 38% used [0x87000000,0x89636a50,0x8d340000)
 Metaspace       used 21417K, capacity 22061K, committed 22144K, reserved 22832K
}
Event: 10,868 GC heap before
{Heap before GC invocations=10 (full 1):
 PSYoungGen      total 153856K, used 146466K [0x9c580000, 0xa7000000, 0xa7000000)
  eden space 134144K, 100% used [0x9c580000,0xa4880000,0xa4880000)
  from space 19712K, 62% used [0xa5b40000,0xa6748b88,0xa6e80000)
  to   space 19200K, 0% used [0xa4880000,0xa4880000,0xa5b40000)
 ParOldGen       total 101632K, used 39130K [0x87000000, 0x8d340000, 0x9c580000)
  object space 101632K, 38% used [0x87000000,0x89636a50,0x8d340000)
 Metaspace       used 23030K, capacity 23678K, committed 23680K, reserved 23856K
Event: 10,939 GC heap after
Heap after GC invocations=10 (full 1):
 PSYoungGen      total 153344K, used 19196K [0x9c580000, 0xa7000000, 0xa7000000)
  eden space 134144K, 0% used [0x9c580000,0x9c580000,0xa4880000)
  from space 19200K, 99% used [0xa4880000,0xa5b3f310,0xa5b40000)
  to   space 21248K, 0% used [0xa5b40000,0xa5b40000,0xa7000000)
 ParOldGen       total 101632K, used 39500K [0x87000000, 0x8d340000, 0x9c580000)
  object space 101632K, 38% used [0x87000000,0x89693138,0x8d340000)
 Metaspace       used 23030K, capacity 23678K, committed 23680K, reserved 23856K
}
Event: 13,038 GC heap before
{Heap before GC invocations=11 (full 1):
 PSYoungGen      total 153344K, used 153340K [0x9c580000, 0xa7000000, 0xa7000000)
  eden space 134144K, 100% used [0x9c580000,0xa4880000,0xa4880000)
  from space 19200K, 99% used [0xa4880000,0xa5b3f310,0xa5b40000)
  to   space 21248K, 0% used [0xa5b40000,0xa5b40000,0xa7000000)
 ParOldGen       total 101632K, used 39500K [0x87000000, 0x8d340000, 0x9c580000)
  object space 101632K, 38% used [0x87000000,0x89693138,0x8d340000)
 Metaspace       used 24871K, capacity 25575K, committed 25600K, reserved 25904K
Event: 13,142 GC heap after
Heap after GC invocations=11 (full 1):
 PSYoungGen      total 144128K, used 21243K [0x9c580000, 0xa7000000, 0xa7000000)
  eden space 122880K, 0% used [0x9c580000,0x9c580000,0xa3d80000)
  from space 21248K, 99% used [0xa5b40000,0xa6ffed40,0xa7000000)
  to   space 25856K, 0% used [0xa3d80000,0xa3d80000,0xa56c0000)
 ParOldGen       total 101632K, used 44755K [0x87000000, 0x8d340000, 0x9c580000)
  object space 101632K, 44% used [0x87000000,0x89bb4fa8,0x8d340000)
 Metaspace       used 24871K, capacity 25575K, committed 25600K, reserved 25904K
}
Event: 14,234 GC heap before
{Heap before GC invocations=12 (full 1):
 PSYoungGen      total 144128K, used 106795K [0x9c580000, 0xa7000000, 0xa7000000)
  eden space 122880K, 69% used [0x9c580000,0xa190c098,0xa3d80000)
  from space 21248K, 99% used [0xa5b40000,0xa6ffed40,0xa7000000)
  to   space 25856K, 0% used [0xa3d80000,0xa3d80000,0xa56c0000)
 ParOldGen       total 101632K, used 44755K [0x87000000, 0x8d340000, 0x9c580000)
  object space 101632K, 44% used [0x87000000,0x89bb4fa8,0x8d340000)
 Metaspace       used 26544K, capacity 27286K, committed 27308K, reserved 27952K
Event: 14,326 GC heap after
Heap after GC invocations=12 (full 1):
 PSYoungGen      total 147200K, used 24171K [0x9c580000, 0xa7000000, 0xa7000000)
  eden space 122880K, 0% used [0x9c580000,0x9c580000,0xa3d80000)
  from space 24320K, 99% used [0xa3d80000,0xa551afb0,0xa5540000)
  to   space 27392K, 0% used [0xa5540000,0xa5540000,0xa7000000)
 ParOldGen       total 101632K, used 48664K [0x87000000, 0x8d340000, 0x9c580000)
  object space 101632K, 47% used [0x87000000,0x89f861a0,0x8d340000)
 Metaspace       used 26544K, capacity 27286K, committed 27308K, reserved 27952K
}
Event: 14,326 GC heap before
{Heap before GC invocations=13 (full 2):
 PSYoungGen      total 147200K, used 24171K [0x9c580000, 0xa7000000, 0xa7000000)
  eden space 122880K, 0% used [0x9c580000,0x9c580000,0xa3d80000)
  from space 24320K, 99% used [0xa3d80000,0xa551afb0,0xa5540000)
  to   space 27392K, 0% used [0xa5540000,0xa5540000,0xa7000000)
 ParOldGen       total 101632K, used 48664K [0x87000000, 0x8d340000, 0x9c580000)
  object space 101632K, 47% used [0x87000000,0x89f861a0,0x8d340000)
 Metaspace       used 26544K, capacity 27286K, committed 27308K, reserved 27952K

