# JRE version: Java(TM) SE Runtime Environment (8.0_25-b17) (build 1.8.0_25-b17)
# Java VM: Java HotSpot(TM) Server VM (25.25-b02 mixed mode linux-x86 )
Heap:
 PSYoungGen      total 142592K, used 32379K [0x9c580000, 0xa6e80000, 0xa7000000)
  eden space 133632K, 17% used [0x9c580000,0x9dc83298,0xa4800000)
  from space 8960K, 98% used [0xa4800000,0xa509bae0,0xa50c0000)
  to   space 19712K, 0% used [0xa5b40000,0xa5b40000,0xa6e80000)
 ParOldGen       total 101632K, used 38958K [0x87000000, 0x8d340000, 0x9c580000)
  object space 101632K, 38% used [0x87000000,0x8960ba48,0x8d340000)
 Metaspace       used 19588K, capacity 20096K, committed 20224K, reserved 20784K
GC Heap History (10 events):
Event: 4,497 GC heap before
{Heap before GC invocations=4 (full 0):
 PSYoungGen      total 70912K, used 70906K [0x9c580000, 0xa5000000, 0xa7000000)
  eden space 65536K, 100% used [0x9c580000,0xa0580000,0xa0580000)
  from space 5376K, 99% used [0xa0580000,0xa0abe920,0xa0ac0000)
  to   space 5376K, 0% used [0xa4ac0000,0xa4ac0000,0xa5000000)
 ParOldGen       total 87552K, used 12544K [0x87000000, 0x8c580000, 0x9c580000)
  object space 87552K, 14% used [0x87000000,0x87c40130,0x8c580000)
 Metaspace       used 14350K, capacity 14622K, committed 14744K, reserved 15664K
Event: 4,580 GC heap after
Heap after GC invocations=4 (full 0):
 PSYoungGen      total 136448K, used 5360K [0x9c580000, 0xa5000000, 0xa7000000)
  eden space 131072K, 0% used [0x9c580000,0x9c580000,0xa4580000)
  from space 5376K, 99% used [0xa4ac0000,0xa4ffc110,0xa5000000)
  to   space 5376K, 0% used [0xa4580000,0xa4580000,0xa4ac0000)
 ParOldGen       total 87552K, used 25787K [0x87000000, 0x8c580000, 0x9c580000)
  object space 87552K, 29% used [0x87000000,0x8892ecd0,0x8c580000)
 Metaspace       used 14350K, capacity 14622K, committed 14744K, reserved 15664K
}
Event: 5,578 GC heap before
{Heap before GC invocations=5 (full 0):
 PSYoungGen      total 136448K, used 136432K [0x9c580000, 0xa5000000, 0xa7000000)
  eden space 131072K, 100% used [0x9c580000,0xa4580000,0xa4580000)
  from space 5376K, 99% used [0xa4ac0000,0xa4ffc110,0xa5000000)
  to   space 5376K, 0% used [0xa4580000,0xa4580000,0xa4ac0000)
 ParOldGen       total 87552K, used 25787K [0x87000000, 0x8c580000, 0x9c580000)
  object space 87552K, 29% used [0x87000000,0x8892ecd0,0x8c580000)
 Metaspace       used 14713K, capacity 14999K, committed 15000K, reserved 15664K
Event: 5,648 GC heap after
Heap after GC invocations=5 (full 0):
 PSYoungGen      total 136448K, used 5370K [0x9c580000, 0xa7000000, 0xa7000000)
  eden space 131072K, 0% used [0x9c580000,0x9c580000,0xa4580000)
  from space 5376K, 99% used [0xa4580000,0xa4abe900,0xa4ac0000)
  to   space 20736K, 0% used [0xa5bc0000,0xa5bc0000,0xa7000000)
 ParOldGen       total 87552K, used 34360K [0x87000000, 0x8c580000, 0x9c580000)
  object space 87552K, 39% used [0x87000000,0x8918e1f8,0x8c580000)
 Metaspace       used 14713K, capacity 14999K, committed 15000K, reserved 15664K
}
Event: 6,289 GC heap before
{Heap before GC invocations=6 (full 0):
 PSYoungGen      total 136448K, used 57140K [0x9c580000, 0xa7000000, 0xa7000000)
  eden space 131072K, 39% used [0x9c580000,0x9f80e910,0xa4580000)
  from space 5376K, 99% used [0xa4580000,0xa4abe900,0xa4ac0000)
  to   space 20736K, 0% used [0xa5bc0000,0xa5bc0000,0xa7000000)
 ParOldGen       total 87552K, used 34360K [0x87000000, 0x8c580000, 0x9c580000)
  object space 87552K, 39% used [0x87000000,0x8918e1f8,0x8c580000)
 Metaspace       used 15963K, capacity 16367K, committed 16384K, reserved 16688K
Event: 6,321 GC heap after
Heap after GC invocations=6 (full 0):
 PSYoungGen      total 154368K, used 8999K [0x9c580000, 0xa7000000, 0xa7000000)
  eden space 133632K, 0% used [0x9c580000,0x9c580000,0xa4800000)
  from space 20736K, 43% used [0xa5bc0000,0xa6489fc8,0xa7000000)
  to   space 20224K, 0% used [0xa4800000,0xa4800000,0xa5bc0000)
 ParOldGen       total 87552K, used 34360K [0x87000000, 0x8c580000, 0x9c580000)
  object space 87552K, 39% used [0x87000000,0x8918e1f8,0x8c580000)
 Metaspace       used 15963K, capacity 16367K, committed 16384K, reserved 16688K
}
Event: 6,321 GC heap before
{Heap before GC invocations=7 (full 1):
 PSYoungGen      total 154368K, used 8999K [0x9c580000, 0xa7000000, 0xa7000000)
  eden space 133632K, 0% used [0x9c580000,0x9c580000,0xa4800000)
  from space 20736K, 43% used [0xa5bc0000,0xa6489fc8,0xa7000000)
  to   space 20224K, 0% used [0xa4800000,0xa4800000,0xa5bc0000)
 ParOldGen       total 87552K, used 34360K [0x87000000, 0x8c580000, 0x9c580000)
  object space 87552K, 39% used [0x87000000,0x8918e1f8,0x8c580000)
 Metaspace       used 15963K, capacity 16367K, committed 16384K, reserved 16688K
Event: 6,571 GC heap after
Heap after GC invocations=7 (full 1):
 PSYoungGen      total 154368K, used 0K [0x9c580000, 0xa7000000, 0xa7000000)
  eden space 133632K, 0% used [0x9c580000,0x9c580000,0xa4800000)
  from space 20736K, 0% used [0xa5bc0000,0xa5bc0000,0xa7000000)
  to   space 20224K, 0% used [0xa4800000,0xa4800000,0xa5bc0000)
 ParOldGen       total 101632K, used 38954K [0x87000000, 0x8d340000, 0x9c580000)
  object space 101632K, 38% used [0x87000000,0x8960aa48,0x8d340000)
 Metaspace       used 15963K, capacity 16367K, committed 16384K, reserved 16688K
}
Event: 8,218 GC heap before
{Heap before GC invocations=8 (full 1):
 PSYoungGen      total 154368K, used 133632K [0x9c580000, 0xa7000000, 0xa7000000)
  eden space 133632K, 100% used [0x9c580000,0xa4800000,0xa4800000)
  from space 20736K, 0% used [0xa5bc0000,0xa5bc0000,0xa7000000)
  to   space 20224K, 0% used [0xa4800000,0xa4800000,0xa5bc0000)
 ParOldGen       total 101632K, used 38954K [0x87000000, 0x8d340000, 0x9c580000)
  object space 101632K, 38% used [0x87000000,0x8960aa48,0x8d340000)
 Metaspace       used 19322K, capacity 19838K, committed 19840K, reserved 20784K
Event: 8,235 GC heap after
Heap after GC invocations=8 (full 1):
 PSYoungGen      total 142592K, used 8814K [0x9c580000, 0xa6e80000, 0xa7000000)
  eden space 133632K, 0% used [0x9c580000,0x9c580000,0xa4800000)
  from space 8960K, 98% used [0xa4800000,0xa509bae0,0xa50c0000)
  to   space 19712K, 0% used [0xa5b40000,0xa5b40000,0xa6e80000)
 ParOldGen       total 101632K, used 38958K [0x87000000, 0x8d340000, 0x9c580000)
  object space 101632K, 38% used [0x87000000,0x8960ba48,0x8d340000)
 Metaspace       used 19322K, capacity 19838K, committed 19840K, reserved 20784K
}

